<?xml version="1.0" encoding="UTF-8"?>
<!-- Generated by org.testng.reporters.JUnitReportReporter -->
<testsuite hostname="DESKTOP-066DB4D" failures="0" tests="1" name="com.testRepo.TestWithxmlLocator" time="4.864" errors="0" timestamp="2020-12-28T19:44:14 IST" skipped="0">
  <testcase classname="com.testRepo.TestWithxmlLocator" name="testCase01" time="4.864"/>
  <system-out>
<li style ="background: #00FF7F; padding: 2px; font-size: 13px; margin-left: 20px; list-style-type: square; list-style-position: inside;color: #4B0082;" > <span style="color:black">07:44:04</span>   >  	 I clicked 'Accesibility'.</li> <hr style ="width: 80%; color: #800000" > <li style ="background: #00FF7F; padding: 2px; font-size: 13px; margin-left: 20px; list-style-type: square; list-style-position: inside;color: #4B0082;" > <span style="color:black">07:44:06</span>   >  	 API Demos is element ;.</li> <hr style ="width: 80%; color: #800000" > <li style ="background: #00FF7F; padding: 2px; font-size: 13px; margin-left: 20px; list-style-type: square; list-style-position: inside;color: #4B0082;" > <span style="color:black">07:44:06</span>   >  	 Accessibility Node Provider is element ;.</li> <hr style ="width: 80%; color: #800000" > <li style ="background: #00FF7F; padding: 2px; font-size: 13px; margin-left: 20px; list-style-type: square; list-style-position: inside;color: #4B0082;" > <span style="color:black">07:44:06</span>   >  	 Accessibility Node Querying is element ;.</li> <hr style ="width: 80%; color: #800000" > <li style ="background: #00FF7F; padding: 2px; font-size: 13px; margin-left: 20px; list-style-type: square; list-style-position: inside;color: #4B0082;" > <span style="color:black">07:44:06</span>   >  	 Accessibility Service is element ;.</li> <hr style ="width: 80%; color: #800000" > <li style ="background: #00FF7F; padding: 2px; font-size: 13px; margin-left: 20px; list-style-type: square; list-style-position: inside;color: #4B0082;" > <span style="color:black">07:44:06</span>   >  	 Custom View is element ;.</li> <hr style ="width: 80%; color: #800000" >  </system-out>
</testsuite> <!-- com.testRepo.TestWithxmlLocator -->
