<?xml version="1.0" encoding="UTF-8"?>
<!-- Generated by org.testng.reporters.JUnitReportReporter -->
<testsuite hostname="DESKTOP-066DB4D" failures="1" tests="4" name="com.testRepo.TestCase01" time="85.433" errors="0" timestamp="2020-12-28T20:48:34 IST" skipped="1">
  <testcase classname="com.testRepo.TestCase01" name="testCase01" time="82.709"/>
  <system-out>
<li style ="background: #00FF7F; padding: 2px; font-size: 13px; margin-left: 20px; list-style-type: square; list-style-position: inside;color: #4B0082;" > <span style="color:black">08:47:14</span>   >  	 waited for 0 seconds for loading page.</li> <hr style ="width: 80%; color: #800000" > <li style ="background: #00FF7F; padding: 2px; font-size: 13px; margin-left: 20px; list-style-type: square; list-style-position: inside;color: #4B0082;" > <span style="color:black">08:47:16</span>   >  	 I clicked 'SIGN IN'.</li> <hr style ="width: 80%; color: #800000" > <li style ="background: #00FF7F; padding: 2px; font-size: 13px; margin-left: 20px; list-style-type: square; list-style-position: inside;color: #4B0082;" > <span style="color:black">08:47:17</span>   >  	 I clicked 'I'll sign in manually'.</li> <hr style ="width: 80%; color: #800000" > <li style ="background: #00FF7F; padding: 2px; font-size: 13px; margin-left: 20px; list-style-type: square; list-style-position: inside;color: #4B0082;" > <span style="color:black">08:47:25</span>   >  	 I typed 'skillbuilderworkspace' to the 'WORKSAPCE URL' field.</li> <hr style ="width: 80%; color: #800000" > <li style ="background: #00FF7F; padding: 2px; font-size: 13px; margin-left: 20px; list-style-type: square; list-style-position: inside;color: #4B0082;" > <span style="color:black">08:47:26</span>   >  	 I clicked 'Next'.</li> <hr style ="width: 80%; color: #800000" > <li style ="background: #00FF7F; padding: 2px; font-size: 13px; margin-left: 20px; list-style-type: square; list-style-position: inside;color: #4B0082;" > <span style="color:black">08:47:33</span>   >  	 I typed 'mailmemakar@gmail.com' to the 'EMAIL ADDRESS' field.</li> <hr style ="width: 80%; color: #800000" > <li style ="background: #00FF7F; padding: 2px; font-size: 13px; margin-left: 20px; list-style-type: square; list-style-position: inside;color: #4B0082;" > <span style="color:black">08:47:34</span>   >  	 I clicked 'Next'.</li> <hr style ="width: 80%; color: #800000" > <li style ="background: #00FF7F; padding: 2px; font-size: 13px; margin-left: 20px; list-style-type: square; list-style-position: inside;color: #4B0082;" > <span style="color:black">08:47:36</span>   >  	 I clicked 'Visibility Eye for show password'.</li> <hr style ="width: 80%; color: #800000" > <li style ="background: #00FF7F; padding: 2px; font-size: 13px; margin-left: 20px; list-style-type: square; list-style-position: inside;color: #4B0082;" > <span style="color:black">08:47:42</span>   >  	 I typed 'Security' to the 'PASSWORD FIELD' field.</li> <hr style ="width: 80%; color: #800000" > <li style ="background: #00FF7F; padding: 2px; font-size: 13px; margin-left: 20px; list-style-type: square; list-style-position: inside;color: #4B0082;" > <span style="color:black">08:47:42</span>   >  	 I forgot to uncheck the 'show password' option, Unchecking now the 'Show Password'.</li> <hr style ="width: 80%; color: #800000" > <li style ="background: #00FF7F; padding: 2px; font-size: 13px; margin-left: 20px; list-style-type: square; list-style-position: inside;color: #4B0082;" > <span style="color:black">08:47:50</span>   >  	 I typed 'Topcod****' to the 'PASSWORD FIELD' field.</li> <hr style ="width: 80%; color: #800000" > <li style ="background: #00FF7F; padding: 2px; font-size: 13px; margin-left: 20px; list-style-type: square; list-style-position: inside;color: #4B0082;" > <span style="color:black">08:47:51</span>   >  	 I clicked 'Next Button'.</li> <hr style ="width: 80%; color: #800000" > <li style ="background: #00FF7F; padding: 2px; font-size: 13px; margin-left: 20px; list-style-type: square; list-style-position: inside;color: #4B0082;" > <span style="color:black">08:48:13</span>   >  	 waited for 4 seconds for loading page.</li> <hr style ="width: 80%; color: #800000" > <li style ="background: #00FF7F; padding: 2px; font-size: 13px; margin-left: 20px; list-style-type: square; list-style-position: inside;color: #4B0082;" > <span style="color:black">08:48:13</span>   >  	 I completed with the Login process successfully.</li> <hr style ="width: 80%; color: #800000" > <li style ="background: #00FF7F; padding: 2px; font-size: 13px; margin-left: 20px; list-style-type: square; list-style-position: inside;color: #4B0082;" > <span style="color:black">08:48:24</span>   >  	 Skill Builder appears at Home Screen.</li> <hr style ="width: 80%; color: #800000" >  </system-out>
  <testcase classname="com.testRepo.TestCase01" name="testCase02" time="2.675">
    <failure message="expected [true] but found [false]" type="java.lang.AssertionError">
      <![CDATA[java.lang.AssertionError: expected [true] but found [false]
at org.testng.Assert.fail(Assert.java:99)
at org.testng.Assert.failNotEquals(Assert.java:1037)
at org.testng.Assert.assertTrue(Assert.java:45)
at org.testng.Assert.assertTrue(Assert.java:55)
at com.testRepo.TestCase01.testCase02(TestCase01.java:46)
at java.base/jdk.internal.reflect.NativeMethodAccessorImpl.invoke0(Native Method)
at java.base/jdk.internal.reflect.NativeMethodAccessorImpl.invoke(NativeMethodAccessorImpl.java:62)
at java.base/jdk.internal.reflect.DelegatingMethodAccessorImpl.invoke(DelegatingMethodAccessorImpl.java:43)
at java.base/java.lang.reflect.Method.invoke(Method.java:564)
at org.testng.internal.MethodInvocationHelper.invokeMethod(MethodInvocationHelper.java:132)
at org.testng.internal.TestInvoker.invokeMethod(TestInvoker.java:599)
at org.testng.internal.TestInvoker.invokeTestMethod(TestInvoker.java:174)
at org.testng.internal.MethodRunner.runInSequence(MethodRunner.java:46)
at org.testng.internal.TestInvoker$MethodInvocationAgent.invoke(TestInvoker.java:822)
at org.testng.internal.TestInvoker.invokeTestMethods(TestInvoker.java:147)
at org.testng.internal.TestMethodWorker.invokeTestMethods(TestMethodWorker.java:146)
at org.testng.internal.TestMethodWorker.run(TestMethodWorker.java:128)
at java.base/java.util.ArrayList.forEach(ArrayList.java:1511)
at org.testng.TestRunner.privateRun(TestRunner.java:764)
at org.testng.TestRunner.run(TestRunner.java:585)
at org.testng.SuiteRunner.runTest(SuiteRunner.java:384)
at org.testng.SuiteRunner.runSequentially(SuiteRunner.java:378)
at org.testng.SuiteRunner.privateRun(SuiteRunner.java:337)
at org.testng.SuiteRunner.run(SuiteRunner.java:286)
at org.testng.SuiteRunnerWorker.runSuite(SuiteRunnerWorker.java:53)
at org.testng.SuiteRunnerWorker.run(SuiteRunnerWorker.java:96)
at org.testng.TestNG.runSuitesSequentially(TestNG.java:1218)
at org.testng.TestNG.runSuitesLocally(TestNG.java:1140)
at org.testng.TestNG.runSuites(TestNG.java:1069)
at org.testng.TestNG.run(TestNG.java:1037)
at org.testng.remote.AbstractRemoteTestNG.run(AbstractRemoteTestNG.java:115)
at org.testng.remote.RemoteTestNG.initAndRun(RemoteTestNG.java:251)
at org.testng.remote.RemoteTestNG.main(RemoteTestNG.java:77)
]]>
    </failure>
  </testcase> <!-- testCase02 -->
  <system-out>
<li style ="background: #00FF7F; padding: 2px; font-size: 13px; margin-left: 20px; list-style-type: square; list-style-position: inside;color: #4B0082;" > <span style="color:black">08:48:25</span>   >  	 Screen Orientation is set to LANDSCAPE.</li> <hr style ="width: 80%; color: #800000" > <span style="color:red"> Test failed for  <strong>testCase02 Class, </strong></span> <a style="background: red;" href='D:\JAVAEE\Workspace1\AndroidAutomationWithJava\target\surefire-reports\failure_screenshots\testCase02_28_12_2020_08_48_27.png'> <img src='D:\JAVAEE\Workspace1\AndroidAutomationWithJava\target\surefire-reports\failure_screenshots\testCase02_28_12_2020_08_48_27.png' height='100' width='100'/> </a>  </system-out>
  <testcase classname="com.testRepo.TestCase01" name="testCase03" time="0.049"/>
  <system-out>
<li style ="background: #00FF7F; padding: 2px; font-size: 13px; margin-left: 20px; list-style-type: square; list-style-position: inside;color: #4B0082;" > <span style="color:black">08:48:31</span>   >  	 This is Test Error Log.</li> <hr style ="width: 80%; color: #800000" > <li style ="background: #00FF7F; padding: 2px; font-size: 13px; margin-left: 20px; list-style-type: square; list-style-position: inside;color: #4B0082;" > <span style="color:black">08:48:31</span>   >  	 This is Test info.</li> <hr style ="width: 80%; color: #800000" > <li style ="background: #00FF7F; padding: 2px; font-size: 13px; margin-left: 20px; list-style-type: square; list-style-position: inside;color: #4B0082;" > <span style="color:black">08:48:31</span>   >  	 This is Test Warning Log.</li> <hr style ="width: 80%; color: #800000" > <li style ="background: #00FF7F; padding: 2px; font-size: 13px; margin-left: 20px; list-style-type: square; list-style-position: inside;color: #4B0082;" > <span style="color:black">08:48:31</span>   >  	 This is Test Default Log With Number 9.</li> <hr style ="width: 80%; color: #800000" > <li style ="background: #00FF7F; padding: 2px; font-size: 13px; margin-left: 20px; list-style-type: square; list-style-position: inside;color: #4B0082;" > <span style="color:black">08:48:31</span>   >  	 This is Test Fatal Log.</li> <hr style ="width: 80%; color: #800000" >  </system-out>
  <testcase classname="com.testRepo.TestCase01" name="testCase04">
    <skipped/>
  </testcase> <!-- testCase04 -->
  <system-out/>
</testsuite> <!-- com.testRepo.TestCase01 -->
