<?xml version="1.0" encoding="UTF-8"?>
<!-- Generated by org.testng.reporters.JUnitReportReporter -->
<testsuite hostname="DESKTOP-066DB4D" failures="1" tests="4" name="com.testRepo.xmlLocatorTest" time="8.262" errors="0" timestamp="2020-12-28T01:41:39 IST" skipped="1">
  <testcase classname="com.testRepo.xmlLocatorTest" name="testCase01" time="4.944"/>
  <system-out>
<li style ="background: #00FF7F; padding: 2px; font-size: 13px; margin-left: 20px; list-style-type: square; list-style-position: inside;color: #4B0082;" > <span style="color:black">01:41:24</span>   >  	 xmlPathList attached to :PageWithTheXMLElementsLocators.</li> <hr style ="width: 80%; color: #800000" > <li style ="background: #00FF7F; padding: 2px; font-size: 13px; margin-left: 20px; list-style-type: square; list-style-position: inside;color: #4B0082;" > <span style="color:black">01:41:24</span>   >  	 xmlPathList attached to :PageWithTheXMLElementsLocators.</li> <hr style ="width: 80%; color: #800000" > <li style ="background: #00FF7F; padding: 2px; font-size: 13px; margin-left: 20px; list-style-type: square; list-style-position: inside;color: #4B0082;" > <span style="color:black">01:41:25</span>   >  	 I clicked 'Accesibility'.</li> <hr style ="width: 80%; color: #800000" >  </system-out>
  <testcase classname="com.testRepo.xmlLocatorTest" name="testCase02" time="3.264">
    <failure message="expected [true] but found [false]" type="java.lang.AssertionError">
      <![CDATA[java.lang.AssertionError: expected [true] but found [false]
at org.testng.Assert.fail(Assert.java:99)
at org.testng.Assert.failNotEquals(Assert.java:1037)
at org.testng.Assert.assertTrue(Assert.java:45)
at org.testng.Assert.assertTrue(Assert.java:55)
at com.testRepo.xmlLocatorTest.testCase02(xmlLocatorTest.java:51)
at java.base/jdk.internal.reflect.NativeMethodAccessorImpl.invoke0(Native Method)
at java.base/jdk.internal.reflect.NativeMethodAccessorImpl.invoke(NativeMethodAccessorImpl.java:62)
at java.base/jdk.internal.reflect.DelegatingMethodAccessorImpl.invoke(DelegatingMethodAccessorImpl.java:43)
at java.base/java.lang.reflect.Method.invoke(Method.java:564)
at org.testng.internal.MethodInvocationHelper.invokeMethod(MethodInvocationHelper.java:132)
at org.testng.internal.TestInvoker.invokeMethod(TestInvoker.java:599)
at org.testng.internal.TestInvoker.invokeTestMethod(TestInvoker.java:174)
at org.testng.internal.MethodRunner.runInSequence(MethodRunner.java:46)
at org.testng.internal.TestInvoker$MethodInvocationAgent.invoke(TestInvoker.java:822)
at org.testng.internal.TestInvoker.invokeTestMethods(TestInvoker.java:147)
at org.testng.internal.TestMethodWorker.invokeTestMethods(TestMethodWorker.java:146)
at org.testng.internal.TestMethodWorker.run(TestMethodWorker.java:128)
at java.base/java.util.ArrayList.forEach(ArrayList.java:1511)
at org.testng.TestRunner.privateRun(TestRunner.java:764)
at org.testng.TestRunner.run(TestRunner.java:585)
at org.testng.SuiteRunner.runTest(SuiteRunner.java:384)
at org.testng.SuiteRunner.runSequentially(SuiteRunner.java:378)
at org.testng.SuiteRunner.privateRun(SuiteRunner.java:337)
at org.testng.SuiteRunner.run(SuiteRunner.java:286)
at org.testng.SuiteRunnerWorker.runSuite(SuiteRunnerWorker.java:53)
at org.testng.SuiteRunnerWorker.run(SuiteRunnerWorker.java:96)
at org.testng.TestNG.runSuitesSequentially(TestNG.java:1218)
at org.testng.TestNG.runSuitesLocally(TestNG.java:1140)
at org.testng.TestNG.runSuites(TestNG.java:1069)
at org.testng.TestNG.run(TestNG.java:1037)
at org.testng.remote.AbstractRemoteTestNG.run(AbstractRemoteTestNG.java:115)
at org.testng.remote.RemoteTestNG.initAndRun(RemoteTestNG.java:251)
at org.testng.remote.RemoteTestNG.main(RemoteTestNG.java:77)
]]>
    </failure>
  </testcase> <!-- testCase02 -->
  <system-out>
<li style ="background: #00FF7F; padding: 2px; font-size: 13px; margin-left: 20px; list-style-type: square; list-style-position: inside;color: #4B0082;" > <span style="color:black">01:41:29</span>   >  	 Screen Orientation is set to LANDSCAPE.</li> <hr style ="width: 80%; color: #800000" > <span style="color:red"> Test failed for  <strong>testCase02 Class, </strong></span> <a style="background: red;" href='D:\JAVAEE\Workspace1\AndroidAutomationWithJava\target\surefire-reports\failure_screenshots\testCase02_28_12_2020_01_41_30.png'> <img src='D:\JAVAEE\Workspace1\AndroidAutomationWithJava\target\surefire-reports\failure_screenshots\testCase02_28_12_2020_01_41_30.png' height='100' width='100'/> </a>  </system-out>
  <testcase classname="com.testRepo.xmlLocatorTest" name="testCase03" time="0.054"/>
  <system-out>
<li style ="background: #00FF7F; padding: 2px; font-size: 13px; margin-left: 20px; list-style-type: square; list-style-position: inside;color: #4B0082;" > <span style="color:black">01:41:34</span>   >  	 This is Test Error Log.</li> <hr style ="width: 80%; color: #800000" > <li style ="background: #00FF7F; padding: 2px; font-size: 13px; margin-left: 20px; list-style-type: square; list-style-position: inside;color: #4B0082;" > <span style="color:black">01:41:34</span>   >  	 This is Test info.</li> <hr style ="width: 80%; color: #800000" > <li style ="background: #00FF7F; padding: 2px; font-size: 13px; margin-left: 20px; list-style-type: square; list-style-position: inside;color: #4B0082;" > <span style="color:black">01:41:34</span>   >  	 This is Test Warning Log.</li> <hr style ="width: 80%; color: #800000" > <li style ="background: #00FF7F; padding: 2px; font-size: 13px; margin-left: 20px; list-style-type: square; list-style-position: inside;color: #4B0082;" > <span style="color:black">01:41:34</span>   >  	 This is Test Default Log With Number 9.</li> <hr style ="width: 80%; color: #800000" > <li style ="background: #00FF7F; padding: 2px; font-size: 13px; margin-left: 20px; list-style-type: square; list-style-position: inside;color: #4B0082;" > <span style="color:black">01:41:34</span>   >  	 This is Test Fatal Log.</li> <hr style ="width: 80%; color: #800000" >  </system-out>
  <testcase classname="com.testRepo.xmlLocatorTest" name="testCase04">
    <skipped/>
  </testcase> <!-- testCase04 -->
  <system-out/>
</testsuite> <!-- com.testRepo.xmlLocatorTest -->
