<?xml version="1.0" encoding="UTF-8"?>
<!-- Generated by org.testng.reporters.JUnitReportReporter -->
<testsuite hostname="DESKTOP-066DB4D" failures="0" tests="4" name="com.testRepo.TestCaseWithExcelDataProvider" time="339.100" errors="2" timestamp="2020-12-28T13:22:17 IST" skipped="0">
  <testcase classname="com.testRepo.TestCaseWithExcelDataProvider" name="loginWithDataProvider" time="67.687">
    <error message="An element could not be located on the page using the given search parameters.
For documentation on this error, please visit: https://www.seleniumhq.org/exceptions/no_such_element.html
Build info: version: &#039;3.141.59&#039;, revision: &#039;e82be7d358&#039;, time: &#039;2018-11-14T08:17:03&#039;
System info: host: &#039;DESKTOP-066DB4D&#039;, ip: &#039;192.168.0.121&#039;, os.name: &#039;Windows 10&#039;, os.arch: &#039;amd64&#039;, os.version: &#039;10.0&#039;, java.version: &#039;14.0.2&#039;
Driver info: io.appium.java_client.AppiumDriver
Capabilities {adbExecTimeout: 30000, appActivity: com.Slack.ui.HomeActivity, appPackage: com.Slack, automationName: UiAutomator1, databaseEnabled: false, desired: {adbExecTimeout: 30000, appActivity: com.Slack.ui.HomeActivity, appPackage: com.Slack, automationName: UiAutomator1, deviceName: TestDevice, platformName: android, platformVersion: 8.1, udid: emulator-5554}, deviceManufacturer: Google, deviceModel: Android SDK built for x86, deviceName: emulator-5554, deviceScreenSize: 1080x1920, deviceUDID: emulator-5554, javascriptEnabled: true, locationContextEnabled: false, networkConnectionEnabled: true, platform: LINUX, platformName: Android, platformVersion: 8.1.0, takesScreenshot: true, udid: emulator-5554, warnings: {}, webStorageEnabled: false}
Session ID: ceae0667-6e93-4913-85e5-100bad206122
*** Element info: {Using=xpath, value=//*/android.widget.TextView[@content-desc = &#039;Show password&#039;]}" type="org.openqa.selenium.NoSuchElementException">
      <![CDATA[org.openqa.selenium.NoSuchElementException: An element could not be located on the page using the given search parameters.
For documentation on this error, please visit: https://www.seleniumhq.org/exceptions/no_such_element.html
Build info: version: '3.141.59', revision: 'e82be7d358', time: '2018-11-14T08:17:03'
System info: host: 'DESKTOP-066DB4D', ip: '192.168.0.121', os.name: 'Windows 10', os.arch: 'amd64', os.version: '10.0', java.version: '14.0.2'
Driver info: io.appium.java_client.AppiumDriver
Capabilities {adbExecTimeout: 30000, appActivity: com.Slack.ui.HomeActivity, appPackage: com.Slack, automationName: UiAutomator1, databaseEnabled: false, desired: {adbExecTimeout: 30000, appActivity: com.Slack.ui.HomeActivity, appPackage: com.Slack, automationName: UiAutomator1, deviceName: TestDevice, platformName: android, platformVersion: 8.1, udid: emulator-5554}, deviceManufacturer: Google, deviceModel: Android SDK built for x86, deviceName: emulator-5554, deviceScreenSize: 1080x1920, deviceUDID: emulator-5554, javascriptEnabled: true, locationContextEnabled: false, networkConnectionEnabled: true, platform: LINUX, platformName: Android, platformVersion: 8.1.0, takesScreenshot: true, udid: emulator-5554, warnings: {}, webStorageEnabled: false}
Session ID: ceae0667-6e93-4913-85e5-100bad206122
*** Element info: {Using=xpath, value=//*/android.widget.TextView[@content-desc = 'Show password']}
at java.base/jdk.internal.reflect.NativeConstructorAccessorImpl.newInstance0(Native Method)
at java.base/jdk.internal.reflect.NativeConstructorAccessorImpl.newInstance(NativeConstructorAccessorImpl.java:62)
at java.base/jdk.internal.reflect.DelegatingConstructorAccessorImpl.newInstance(DelegatingConstructorAccessorImpl.java:45)
at java.base/java.lang.reflect.Constructor.newInstanceWithCaller(Constructor.java:500)
at java.base/java.lang.reflect.Constructor.newInstance(Constructor.java:481)
at org.openqa.selenium.remote.http.W3CHttpResponseCodec.createException(W3CHttpResponseCodec.java:187)
at org.openqa.selenium.remote.http.W3CHttpResponseCodec.decode(W3CHttpResponseCodec.java:122)
at org.openqa.selenium.remote.http.W3CHttpResponseCodec.decode(W3CHttpResponseCodec.java:49)
at org.openqa.selenium.remote.HttpCommandExecutor.execute(HttpCommandExecutor.java:158)
at io.appium.java_client.remote.AppiumCommandExecutor.execute(AppiumCommandExecutor.java:247)
at org.openqa.selenium.remote.RemoteWebDriver.execute(RemoteWebDriver.java:552)
at io.appium.java_client.DefaultGenericMobileDriver.execute(DefaultGenericMobileDriver.java:41)
at io.appium.java_client.AppiumDriver.execute(AppiumDriver.java:1)
at org.openqa.selenium.remote.RemoteWebDriver.findElement(RemoteWebDriver.java:323)
at io.appium.java_client.DefaultGenericMobileDriver.findElement(DefaultGenericMobileDriver.java:61)
at io.appium.java_client.AppiumDriver.findElement(AppiumDriver.java:1)
at org.openqa.selenium.remote.RemoteWebDriver.findElementByXPath(RemoteWebDriver.java:428)
at io.appium.java_client.DefaultGenericMobileDriver.findElementByXPath(DefaultGenericMobileDriver.java:151)
at io.appium.java_client.AppiumDriver.findElementByXPath(AppiumDriver.java:1)
at org.openqa.selenium.By$ByXPath.findElement(By.java:353)
at org.openqa.selenium.remote.RemoteWebDriver.findElement(RemoteWebDriver.java:315)
at io.appium.java_client.DefaultGenericMobileDriver.findElement(DefaultGenericMobileDriver.java:57)
at io.appium.java_client.AppiumDriver.findElement(AppiumDriver.java:1)
at org.openqa.selenium.support.pagefactory.DefaultElementLocator.findElement(DefaultElementLocator.java:69)
at org.openqa.selenium.support.pagefactory.internal.LocatingElementHandler.invoke(LocatingElementHandler.java:38)
at com.sun.proxy.$Proxy16.click(Unknown Source)
at com.baseRepo.BaseParent.clickIt(BaseParent.java:206)
at com.pageRepo.LoginPage.login(LoginPage.java:226)
at com.pageRepo.LoginPage.login(LoginPage.java:187)
at com.testRepo.TestCaseWithExcelDataProvider.loginWithDataProvider(TestCaseWithExcelDataProvider.java:100)
at java.base/jdk.internal.reflect.NativeMethodAccessorImpl.invoke0(Native Method)
at java.base/jdk.internal.reflect.NativeMethodAccessorImpl.invoke(NativeMethodAccessorImpl.java:62)
at java.base/jdk.internal.reflect.DelegatingMethodAccessorImpl.invoke(DelegatingMethodAccessorImpl.java:43)
at java.base/java.lang.reflect.Method.invoke(Method.java:564)
at org.testng.internal.MethodInvocationHelper.invokeMethod(MethodInvocationHelper.java:132)
at org.testng.internal.TestInvoker.invokeMethod(TestInvoker.java:599)
at org.testng.internal.TestInvoker.invokeTestMethod(TestInvoker.java:174)
at org.testng.internal.MethodRunner.runInSequence(MethodRunner.java:46)
at org.testng.internal.TestInvoker$MethodInvocationAgent.invoke(TestInvoker.java:822)
at org.testng.internal.TestInvoker.invokeTestMethods(TestInvoker.java:147)
at org.testng.internal.TestMethodWorker.invokeTestMethods(TestMethodWorker.java:146)
at org.testng.internal.TestMethodWorker.run(TestMethodWorker.java:128)
at java.base/java.util.ArrayList.forEach(ArrayList.java:1511)
at org.testng.TestRunner.privateRun(TestRunner.java:764)
at org.testng.TestRunner.run(TestRunner.java:585)
at org.testng.SuiteRunner.runTest(SuiteRunner.java:384)
at org.testng.SuiteRunner.runSequentially(SuiteRunner.java:378)
at org.testng.SuiteRunner.privateRun(SuiteRunner.java:337)
at org.testng.SuiteRunner.run(SuiteRunner.java:286)
at org.testng.SuiteRunnerWorker.runSuite(SuiteRunnerWorker.java:53)
at org.testng.SuiteRunnerWorker.run(SuiteRunnerWorker.java:96)
at org.testng.TestNG.runSuitesSequentially(TestNG.java:1218)
at org.testng.TestNG.runSuitesLocally(TestNG.java:1140)
at org.testng.TestNG.runSuites(TestNG.java:1069)
at org.testng.TestNG.run(TestNG.java:1037)
at org.testng.remote.AbstractRemoteTestNG.run(AbstractRemoteTestNG.java:115)
at org.testng.remote.RemoteTestNG.initAndRun(RemoteTestNG.java:251)
at org.testng.remote.RemoteTestNG.main(RemoteTestNG.java:77)
]]>
    </error>
  </testcase> <!-- loginWithDataProvider -->
  <system-out>
<li style ="background: #00FF7F; padding: 2px; font-size: 13px; margin-left: 20px; list-style-type: square; list-style-position: inside;color: #4B0082;" > <span style="color:black">01:21:31</span>   >  	 waited for 0 seconds for loading page.</li> <hr style ="width: 80%; color: #800000" > <li style ="background: #00FF7F; padding: 2px; font-size: 13px; margin-left: 20px; list-style-type: square; list-style-position: inside;color: #4B0082;" > <span style="color:black">01:21:33</span>   >  	 I clicked 'SIGN IN'.</li> <hr style ="width: 80%; color: #800000" > <li style ="background: #00FF7F; padding: 2px; font-size: 13px; margin-left: 20px; list-style-type: square; list-style-position: inside;color: #4B0082;" > <span style="color:black">01:21:34</span>   >  	 I clicked 'I'll sign in manually'.</li> <hr style ="width: 80%; color: #800000" > <li style ="background: #00FF7F; padding: 2px; font-size: 13px; margin-left: 20px; list-style-type: square; list-style-position: inside;color: #4B0082;" > <span style="color:black">01:21:35</span>   >  	 Failed to Type null to [[io.appium.java_client.AppiumDriver, Capabilities: {adbExecTimeout=30000, appActivity=com.Slack.ui.HomeActivity, appPackage=com.Slack, automationName=UiAutomator1, databaseEnabled=false, desired={platformName=android, adbExecTimeout=30000, appActivity=com.Slack.ui.HomeActivity, appPackage=com.Slack, automationName=UiAutomator1, deviceName=TestDevice, platformVersion=8.1, udid=emulator-5554}, deviceManufacturer=Google, deviceModel=Android SDK built for x86, deviceName=emulator-5554, deviceScreenSize=1080x1920, deviceUDID=emulator-5554, javascriptEnabled=true, locationContextEnabled=false, networkConnectionEnabled=true, platform=LINUX, platformName=Android, platformVersion=8.1.0, takesScreenshot=true, udid=emulator-5554, warnings={}, webStorageEnabled=false}] -> id: team_url_edit_text] Field.</li> <hr style ="width: 80%; color: #800000" > <li style ="background: #00FF7F; padding: 2px; font-size: 13px; margin-left: 20px; list-style-type: square; list-style-position: inside;color: #4B0082;" > <span style="color:black">01:21:38</span>   >  	 I clicked 'Next'.</li> <hr style ="width: 80%; color: #800000" > <li style ="background: #00FF7F; padding: 2px; font-size: 13px; margin-left: 20px; list-style-type: square; list-style-position: inside;color: #4B0082;" > <span style="color:black">01:21:59</span>   >  	 Failed to Type  to Proxy element for: DefaultElementLocator 'By.id: email_edit_text' Field.</li> <hr style ="width: 80%; color: #800000" > <li style ="background: #00FF7F; padding: 2px; font-size: 13px; margin-left: 20px; list-style-type: square; list-style-position: inside;color: #4B0082;" > <span style="color:black">01:22:02</span>   >  	 I clicked 'Next'.</li> <hr style ="width: 80%; color: #800000" >  </system-out>
  <testcase classname="com.testRepo.TestCaseWithExcelDataProvider" name="loginWithDataProvider" time="72.192">
    <error message="An element could not be located on the page using the given search parameters.
For documentation on this error, please visit: https://www.seleniumhq.org/exceptions/no_such_element.html
Build info: version: &#039;3.141.59&#039;, revision: &#039;e82be7d358&#039;, time: &#039;2018-11-14T08:17:03&#039;
System info: host: &#039;DESKTOP-066DB4D&#039;, ip: &#039;192.168.0.121&#039;, os.name: &#039;Windows 10&#039;, os.arch: &#039;amd64&#039;, os.version: &#039;10.0&#039;, java.version: &#039;14.0.2&#039;
Driver info: io.appium.java_client.AppiumDriver
Capabilities {adbExecTimeout: 30000, appActivity: com.Slack.ui.HomeActivity, appPackage: com.Slack, automationName: UiAutomator1, databaseEnabled: false, desired: {adbExecTimeout: 30000, appActivity: com.Slack.ui.HomeActivity, appPackage: com.Slack, automationName: UiAutomator1, deviceName: TestDevice, platformName: android, platformVersion: 8.1, udid: emulator-5554}, deviceManufacturer: Google, deviceModel: Android SDK built for x86, deviceName: emulator-5554, deviceScreenSize: 1080x1920, deviceUDID: emulator-5554, javascriptEnabled: true, locationContextEnabled: false, networkConnectionEnabled: true, platform: LINUX, platformName: Android, platformVersion: 8.1.0, takesScreenshot: true, udid: emulator-5554, warnings: {}, webStorageEnabled: false}
Session ID: 5003a4bf-0ca2-4fd8-ad6d-acd4d4654a45
*** Element info: {Using=xpath, value=//*/android.widget.TextView[@content-desc = &#039;Show password&#039;]}" type="org.openqa.selenium.NoSuchElementException">
      <![CDATA[org.openqa.selenium.NoSuchElementException: An element could not be located on the page using the given search parameters.
For documentation on this error, please visit: https://www.seleniumhq.org/exceptions/no_such_element.html
Build info: version: '3.141.59', revision: 'e82be7d358', time: '2018-11-14T08:17:03'
System info: host: 'DESKTOP-066DB4D', ip: '192.168.0.121', os.name: 'Windows 10', os.arch: 'amd64', os.version: '10.0', java.version: '14.0.2'
Driver info: io.appium.java_client.AppiumDriver
Capabilities {adbExecTimeout: 30000, appActivity: com.Slack.ui.HomeActivity, appPackage: com.Slack, automationName: UiAutomator1, databaseEnabled: false, desired: {adbExecTimeout: 30000, appActivity: com.Slack.ui.HomeActivity, appPackage: com.Slack, automationName: UiAutomator1, deviceName: TestDevice, platformName: android, platformVersion: 8.1, udid: emulator-5554}, deviceManufacturer: Google, deviceModel: Android SDK built for x86, deviceName: emulator-5554, deviceScreenSize: 1080x1920, deviceUDID: emulator-5554, javascriptEnabled: true, locationContextEnabled: false, networkConnectionEnabled: true, platform: LINUX, platformName: Android, platformVersion: 8.1.0, takesScreenshot: true, udid: emulator-5554, warnings: {}, webStorageEnabled: false}
Session ID: 5003a4bf-0ca2-4fd8-ad6d-acd4d4654a45
*** Element info: {Using=xpath, value=//*/android.widget.TextView[@content-desc = 'Show password']}
at java.base/jdk.internal.reflect.NativeConstructorAccessorImpl.newInstance0(Native Method)
at java.base/jdk.internal.reflect.NativeConstructorAccessorImpl.newInstance(NativeConstructorAccessorImpl.java:62)
at java.base/jdk.internal.reflect.DelegatingConstructorAccessorImpl.newInstance(DelegatingConstructorAccessorImpl.java:45)
at java.base/java.lang.reflect.Constructor.newInstanceWithCaller(Constructor.java:500)
at java.base/java.lang.reflect.Constructor.newInstance(Constructor.java:481)
at org.openqa.selenium.remote.http.W3CHttpResponseCodec.createException(W3CHttpResponseCodec.java:187)
at org.openqa.selenium.remote.http.W3CHttpResponseCodec.decode(W3CHttpResponseCodec.java:122)
at org.openqa.selenium.remote.http.W3CHttpResponseCodec.decode(W3CHttpResponseCodec.java:49)
at org.openqa.selenium.remote.HttpCommandExecutor.execute(HttpCommandExecutor.java:158)
at io.appium.java_client.remote.AppiumCommandExecutor.execute(AppiumCommandExecutor.java:247)
at org.openqa.selenium.remote.RemoteWebDriver.execute(RemoteWebDriver.java:552)
at io.appium.java_client.DefaultGenericMobileDriver.execute(DefaultGenericMobileDriver.java:41)
at io.appium.java_client.AppiumDriver.execute(AppiumDriver.java:1)
at org.openqa.selenium.remote.RemoteWebDriver.findElement(RemoteWebDriver.java:323)
at io.appium.java_client.DefaultGenericMobileDriver.findElement(DefaultGenericMobileDriver.java:61)
at io.appium.java_client.AppiumDriver.findElement(AppiumDriver.java:1)
at org.openqa.selenium.remote.RemoteWebDriver.findElementByXPath(RemoteWebDriver.java:428)
at io.appium.java_client.DefaultGenericMobileDriver.findElementByXPath(DefaultGenericMobileDriver.java:151)
at io.appium.java_client.AppiumDriver.findElementByXPath(AppiumDriver.java:1)
at org.openqa.selenium.By$ByXPath.findElement(By.java:353)
at org.openqa.selenium.remote.RemoteWebDriver.findElement(RemoteWebDriver.java:315)
at io.appium.java_client.DefaultGenericMobileDriver.findElement(DefaultGenericMobileDriver.java:57)
at io.appium.java_client.AppiumDriver.findElement(AppiumDriver.java:1)
at org.openqa.selenium.support.pagefactory.DefaultElementLocator.findElement(DefaultElementLocator.java:69)
at org.openqa.selenium.support.pagefactory.internal.LocatingElementHandler.invoke(LocatingElementHandler.java:38)
at com.sun.proxy.$Proxy16.click(Unknown Source)
at com.baseRepo.BaseParent.clickIt(BaseParent.java:206)
at com.pageRepo.LoginPage.login(LoginPage.java:226)
at com.pageRepo.LoginPage.login(LoginPage.java:187)
at com.testRepo.TestCaseWithExcelDataProvider.loginWithDataProvider(TestCaseWithExcelDataProvider.java:100)
at java.base/jdk.internal.reflect.NativeMethodAccessorImpl.invoke0(Native Method)
at java.base/jdk.internal.reflect.NativeMethodAccessorImpl.invoke(NativeMethodAccessorImpl.java:62)
at java.base/jdk.internal.reflect.DelegatingMethodAccessorImpl.invoke(DelegatingMethodAccessorImpl.java:43)
at java.base/java.lang.reflect.Method.invoke(Method.java:564)
at org.testng.internal.MethodInvocationHelper.invokeMethod(MethodInvocationHelper.java:132)
at org.testng.internal.TestInvoker.invokeMethod(TestInvoker.java:599)
at org.testng.internal.TestInvoker.invokeTestMethod(TestInvoker.java:174)
at org.testng.internal.MethodRunner.runInSequence(MethodRunner.java:46)
at org.testng.internal.TestInvoker$MethodInvocationAgent.invoke(TestInvoker.java:822)
at org.testng.internal.TestInvoker.invokeTestMethods(TestInvoker.java:147)
at org.testng.internal.TestMethodWorker.invokeTestMethods(TestMethodWorker.java:146)
at org.testng.internal.TestMethodWorker.run(TestMethodWorker.java:128)
at java.base/java.util.ArrayList.forEach(ArrayList.java:1511)
at org.testng.TestRunner.privateRun(TestRunner.java:764)
at org.testng.TestRunner.run(TestRunner.java:585)
at org.testng.SuiteRunner.runTest(SuiteRunner.java:384)
at org.testng.SuiteRunner.runSequentially(SuiteRunner.java:378)
at org.testng.SuiteRunner.privateRun(SuiteRunner.java:337)
at org.testng.SuiteRunner.run(SuiteRunner.java:286)
at org.testng.SuiteRunnerWorker.runSuite(SuiteRunnerWorker.java:53)
at org.testng.SuiteRunnerWorker.run(SuiteRunnerWorker.java:96)
at org.testng.TestNG.runSuitesSequentially(TestNG.java:1218)
at org.testng.TestNG.runSuitesLocally(TestNG.java:1140)
at org.testng.TestNG.runSuites(TestNG.java:1069)
at org.testng.TestNG.run(TestNG.java:1037)
at org.testng.remote.AbstractRemoteTestNG.run(AbstractRemoteTestNG.java:115)
at org.testng.remote.RemoteTestNG.initAndRun(RemoteTestNG.java:251)
at org.testng.remote.RemoteTestNG.main(RemoteTestNG.java:77)
]]>
    </error>
  </testcase> <!-- loginWithDataProvider -->
  <system-out>
<li style ="background: #00FF7F; padding: 2px; font-size: 13px; margin-left: 20px; list-style-type: square; list-style-position: inside;color: #4B0082;" > <span style="color:black">01:20:21</span>   >  	 waited for 0 seconds for loading page.</li> <hr style ="width: 80%; color: #800000" > <li style ="background: #00FF7F; padding: 2px; font-size: 13px; margin-left: 20px; list-style-type: square; list-style-position: inside;color: #4B0082;" > <span style="color:black">01:20:22</span>   >  	 I clicked 'SIGN IN'.</li> <hr style ="width: 80%; color: #800000" > <li style ="background: #00FF7F; padding: 2px; font-size: 13px; margin-left: 20px; list-style-type: square; list-style-position: inside;color: #4B0082;" > <span style="color:black">01:20:24</span>   >  	 I clicked 'I'll sign in manually'.</li> <hr style ="width: 80%; color: #800000" > <li style ="background: #00FF7F; padding: 2px; font-size: 13px; margin-left: 20px; list-style-type: square; list-style-position: inside;color: #4B0082;" > <span style="color:black">01:20:24</span>   >  	 Failed to Type null to [[io.appium.java_client.AppiumDriver, Capabilities: {adbExecTimeout=30000, appActivity=com.Slack.ui.HomeActivity, appPackage=com.Slack, automationName=UiAutomator1, databaseEnabled=false, desired={platformName=android, adbExecTimeout=30000, appActivity=com.Slack.ui.HomeActivity, appPackage=com.Slack, automationName=UiAutomator1, deviceName=TestDevice, platformVersion=8.1, udid=emulator-5554}, deviceManufacturer=Google, deviceModel=Android SDK built for x86, deviceName=emulator-5554, deviceScreenSize=1080x1920, deviceUDID=emulator-5554, javascriptEnabled=true, locationContextEnabled=false, networkConnectionEnabled=true, platform=LINUX, platformName=Android, platformVersion=8.1.0, takesScreenshot=true, udid=emulator-5554, warnings={}, webStorageEnabled=false}] -> id: team_url_edit_text] Field.</li> <hr style ="width: 80%; color: #800000" > <li style ="background: #00FF7F; padding: 2px; font-size: 13px; margin-left: 20px; list-style-type: square; list-style-position: inside;color: #4B0082;" > <span style="color:black">01:20:28</span>   >  	 I clicked 'Next'.</li> <hr style ="width: 80%; color: #800000" > <li style ="background: #00FF7F; padding: 2px; font-size: 13px; margin-left: 20px; list-style-type: square; list-style-position: inside;color: #4B0082;" > <span style="color:black">01:20:49</span>   >  	 Failed to Type null to Proxy element for: DefaultElementLocator 'By.id: email_edit_text' Field.</li> <hr style ="width: 80%; color: #800000" > <li style ="background: #00FF7F; padding: 2px; font-size: 13px; margin-left: 20px; list-style-type: square; list-style-position: inside;color: #4B0082;" > <span style="color:black">01:20:52</span>   >  	 I clicked 'Next'.</li> <hr style ="width: 80%; color: #800000" >  </system-out>
  <testcase classname="com.testRepo.TestCaseWithExcelDataProvider" name="loginWithDataProvider" time="102.483"/>
  <system-out>
<li style ="background: #00FF7F; padding: 2px; font-size: 13px; margin-left: 20px; list-style-type: square; list-style-position: inside;color: #4B0082;" > <span style="color:black">01:17:05</span>   >  	 waited for 0 seconds for loading page.</li> <hr style ="width: 80%; color: #800000" > <li style ="background: #00FF7F; padding: 2px; font-size: 13px; margin-left: 20px; list-style-type: square; list-style-position: inside;color: #4B0082;" > <span style="color:black">01:17:06</span>   >  	 I clicked 'SIGN IN'.</li> <hr style ="width: 80%; color: #800000" > <li style ="background: #00FF7F; padding: 2px; font-size: 13px; margin-left: 20px; list-style-type: square; list-style-position: inside;color: #4B0082;" > <span style="color:black">01:17:07</span>   >  	 I clicked 'I'll sign in manually'.</li> <hr style ="width: 80%; color: #800000" > <li style ="background: #00FF7F; padding: 2px; font-size: 13px; margin-left: 20px; list-style-type: square; list-style-position: inside;color: #4B0082;" > <span style="color:black">01:17:14</span>   >  	 I typed 'skillbuilderworkspace' to the 'WORKSAPCE URL' field.</li> <hr style ="width: 80%; color: #800000" > <li style ="background: #00FF7F; padding: 2px; font-size: 13px; margin-left: 20px; list-style-type: square; list-style-position: inside;color: #4B0082;" > <span style="color:black">01:17:15</span>   >  	 I clicked 'Next'.</li> <hr style ="width: 80%; color: #800000" > <li style ="background: #00FF7F; padding: 2px; font-size: 13px; margin-left: 20px; list-style-type: square; list-style-position: inside;color: #4B0082;" > <span style="color:black">01:17:22</span>   >  	 I typed 'mailmemakar@gmail.com' to the 'EMAIL ADDRESS' field.</li> <hr style ="width: 80%; color: #800000" > <li style ="background: #00FF7F; padding: 2px; font-size: 13px; margin-left: 20px; list-style-type: square; list-style-position: inside;color: #4B0082;" > <span style="color:black">01:17:22</span>   >  	 I clicked 'Next'.</li> <hr style ="width: 80%; color: #800000" > <li style ="background: #00FF7F; padding: 2px; font-size: 13px; margin-left: 20px; list-style-type: square; list-style-position: inside;color: #4B0082;" > <span style="color:black">01:17:24</span>   >  	 I clicked 'Visibility Eye for show password'.</li> <hr style ="width: 80%; color: #800000" > <li style ="background: #00FF7F; padding: 2px; font-size: 13px; margin-left: 20px; list-style-type: square; list-style-position: inside;color: #4B0082;" > <span style="color:black">01:17:30</span>   >  	 I typed 'Security' to the 'PASSWORD FIELD' field.</li> <hr style ="width: 80%; color: #800000" > <li style ="background: #00FF7F; padding: 2px; font-size: 13px; margin-left: 20px; list-style-type: square; list-style-position: inside;color: #4B0082;" > <span style="color:black">01:17:30</span>   >  	 I forgot to uncheck the 'show password' option, Unchecking now the 'Show Password'.</li> <hr style ="width: 80%; color: #800000" > <li style ="background: #00FF7F; padding: 2px; font-size: 13px; margin-left: 20px; list-style-type: square; list-style-position: inside;color: #4B0082;" > <span style="color:black">01:17:44</span>   >  	 I typed 'Topcod****' to the 'PASSWORD FIELD' field.</li> <hr style ="width: 80%; color: #800000" > <li style ="background: #00FF7F; padding: 2px; font-size: 13px; margin-left: 20px; list-style-type: square; list-style-position: inside;color: #4B0082;" > <span style="color:black">01:17:45</span>   >  	 I clicked 'Next Button'.</li> <hr style ="width: 80%; color: #800000" > <li style ="background: #00FF7F; padding: 2px; font-size: 13px; margin-left: 20px; list-style-type: square; list-style-position: inside;color: #4B0082;" > <span style="color:black">01:18:05</span>   >  	 waited for 3 seconds for loading page.</li> <hr style ="width: 80%; color: #800000" > <li style ="background: #00FF7F; padding: 2px; font-size: 13px; margin-left: 20px; list-style-type: square; list-style-position: inside;color: #4B0082;" > <span style="color:black">01:18:05</span>   >  	 I completed with the Login process successfully.</li> <hr style ="width: 80%; color: #800000" > <li style ="background: #00FF7F; padding: 2px; font-size: 13px; margin-left: 20px; list-style-type: square; list-style-position: inside;color: #4B0082;" > <span style="color:black">01:18:16</span>   >  	 Skill Builder appears at Home Screen.</li> <hr style ="width: 80%; color: #800000" >  </system-out>
  <testcase classname="com.testRepo.TestCaseWithExcelDataProvider" name="loginWithDataProvider" time="96.738"/>
  <system-out>
<li style ="background: #00FF7F; padding: 2px; font-size: 13px; margin-left: 20px; list-style-type: square; list-style-position: inside;color: #4B0082;" > <span style="color:black">01:18:45</span>   >  	 waited for 1 seconds for loading page.</li> <hr style ="width: 80%; color: #800000" > <li style ="background: #00FF7F; padding: 2px; font-size: 13px; margin-left: 20px; list-style-type: square; list-style-position: inside;color: #4B0082;" > <span style="color:black">01:18:47</span>   >  	 I clicked 'SIGN IN'.</li> <hr style ="width: 80%; color: #800000" > <li style ="background: #00FF7F; padding: 2px; font-size: 13px; margin-left: 20px; list-style-type: square; list-style-position: inside;color: #4B0082;" > <span style="color:black">01:18:48</span>   >  	 I clicked 'I'll sign in manually'.</li> <hr style ="width: 80%; color: #800000" > <li style ="background: #00FF7F; padding: 2px; font-size: 13px; margin-left: 20px; list-style-type: square; list-style-position: inside;color: #4B0082;" > <span style="color:black">01:18:54</span>   >  	 I typed 'topcodercommunity' to the 'WORKSAPCE URL' field.</li> <hr style ="width: 80%; color: #800000" > <li style ="background: #00FF7F; padding: 2px; font-size: 13px; margin-left: 20px; list-style-type: square; list-style-position: inside;color: #4B0082;" > <span style="color:black">01:18:55</span>   >  	 I clicked 'Next'.</li> <hr style ="width: 80%; color: #800000" > <li style ="background: #00FF7F; padding: 2px; font-size: 13px; margin-left: 20px; list-style-type: square; list-style-position: inside;color: #4B0082;" > <span style="color:black">01:19:02</span>   >  	 I typed 'swap12875@gmail.com' to the 'EMAIL ADDRESS' field.</li> <hr style ="width: 80%; color: #800000" > <li style ="background: #00FF7F; padding: 2px; font-size: 13px; margin-left: 20px; list-style-type: square; list-style-position: inside;color: #4B0082;" > <span style="color:black">01:19:02</span>   >  	 I clicked 'Next'.</li> <hr style ="width: 80%; color: #800000" > <li style ="background: #00FF7F; padding: 2px; font-size: 13px; margin-left: 20px; list-style-type: square; list-style-position: inside;color: #4B0082;" > <span style="color:black">01:19:04</span>   >  	 I clicked 'Visibility Eye for show password'.</li> <hr style ="width: 80%; color: #800000" > <li style ="background: #00FF7F; padding: 2px; font-size: 13px; margin-left: 20px; list-style-type: square; list-style-position: inside;color: #4B0082;" > <span style="color:black">01:19:10</span>   >  	 I typed 'Security' to the 'PASSWORD FIELD' field.</li> <hr style ="width: 80%; color: #800000" > <li style ="background: #00FF7F; padding: 2px; font-size: 13px; margin-left: 20px; list-style-type: square; list-style-position: inside;color: #4B0082;" > <span style="color:black">01:19:10</span>   >  	 I forgot to uncheck the 'show password' option, Unchecking now the 'Show Password'.</li> <hr style ="width: 80%; color: #800000" > <li style ="background: #00FF7F; padding: 2px; font-size: 13px; margin-left: 20px; list-style-type: square; list-style-position: inside;color: #4B0082;" > <span style="color:black">01:19:18</span>   >  	 I typed 'Sla@****' to the 'PASSWORD FIELD' field.</li> <hr style ="width: 80%; color: #800000" > <li style ="background: #00FF7F; padding: 2px; font-size: 13px; margin-left: 20px; list-style-type: square; list-style-position: inside;color: #4B0082;" > <span style="color:black">01:19:18</span>   >  	 I clicked 'Next Button'.</li> <hr style ="width: 80%; color: #800000" > <li style ="background: #00FF7F; padding: 2px; font-size: 13px; margin-left: 20px; list-style-type: square; list-style-position: inside;color: #4B0082;" > <span style="color:black">01:19:39</span>   >  	 waited for 4 seconds for loading page.</li> <hr style ="width: 80%; color: #800000" > <li style ="background: #00FF7F; padding: 2px; font-size: 13px; margin-left: 20px; list-style-type: square; list-style-position: inside;color: #4B0082;" > <span style="color:black">01:19:39</span>   >  	 I completed with the Login process successfully.</li> <hr style ="width: 80%; color: #800000" > <li style ="background: #00FF7F; padding: 2px; font-size: 13px; margin-left: 20px; list-style-type: square; list-style-position: inside;color: #4B0082;" > <span style="color:black">01:19:49</span>   >  	 Topcoder Community appears at Home Screen.</li> <hr style ="width: 80%; color: #800000" >  </system-out>
</testsuite> <!-- com.testRepo.TestCaseWithExcelDataProvider -->
